   1              		.cpu arm7tdmi
   2              		.fpu softvfp
   3              		.eabi_attribute 20, 1
   4              		.eabi_attribute 21, 1
   5              		.eabi_attribute 23, 3
   6              		.eabi_attribute 24, 1
   7              		.eabi_attribute 25, 1
   8              		.eabi_attribute 26, 1
   9              		.eabi_attribute 30, 6
  10              		.eabi_attribute 18, 4
  11              		.file	"main.c"
  21              	.Ltext0:
  22              		.file 1 "../main.c"
 2627              		.align	2
 2628              		.global	Main
 2630              	Main:
 2631              	.LFB0:
   1:../main.c     **** /*--- ficheros de cabecera ---*/
   2:../main.c     **** #include "44blib.h"
   3:../main.c     **** #include "44b.h"
   4:../main.c     **** #include "uart.h"
   5:../main.c     **** #include "Visualizar.h"
   6:../main.c     **** #include "lcd.h"
   7:../main.c     **** 
   8:../main.c     **** 
   9:../main.c     **** 
  10:../main.c     **** /*--- declaracion de funciones ---*/
  11:../main.c     **** int Main(void);
  12:../main.c     **** 
  13:../main.c     **** 
  14:../main.c     **** /*--- codigo de la funcion ---*/
  15:../main.c     **** int Main(void){
 2632              		.loc 1 15 0
 2633              		.cfi_startproc
 2634              		@ Function supports interworking.
 2635              		@ args = 0, pretend = 0, frame = 0
 2636              		@ frame_needed = 1, uses_anonymous_args = 0
 2637 0000 0DC0A0E1 		mov	ip, sp
 2638              	.LCFI0:
 2639              		.cfi_def_cfa_register 12
 2640 0004 00D82DE9 		stmfd	sp!, {fp, ip, lr, pc}
 2641 0008 04B04CE2 		sub	fp, ip, #4
 2642              		.cfi_offset 14, -8
 2643              		.cfi_offset 13, -12
 2644              		.cfi_offset 11, -16
 2645              	.LCFI1:
 2646              		.cfi_def_cfa 11, 4
  16:../main.c     **** 
  17:../main.c     **** 
  18:../main.c     **** 	sys_init(); // inicializacion de la placa, interrupciones, puertos
 2647              		.loc 1 18 0
 2648 000c FEFFFFEB 		bl	sys_init
  19:../main.c     **** 	//Eint4567_init(); // inicializacion de los botones
  20:../main.c     **** 	init_visualizacion();
 2649              		.loc 1 20 0
 2650 0010 FEFFFFEB 		bl	init_visualizacion
  21:../main.c     **** 	dibujar_mapa();
 2651              		.loc 1 21 0
 2652 0014 FEFFFFEB 		bl	dibujar_mapa
  22:../main.c     **** 
  23:../main.c     **** 	//keyboard_init();
  24:../main.c     **** 	//Uart_Init(115200); // inicializacion de la Uart
  25:../main.c     **** 	//Uart_Config(); // configuración de interrupciones y buffers
  26:../main.c     **** 
  27:../main.c     **** 	// Por ahora este main espera que le llegue un entero por el serie
  28:../main.c     **** 	// y cuando le llega hace un led switch
  29:../main.c     **** /*
  30:../main.c     **** 	D8Led_symbol(0);
  31:../main.c     **** 
  32:../main.c     **** 	char* mensajeRecibido = "";
  33:../main.c     **** 	char c[60];
  34:../main.c     **** 	int numeroLeido = 0;
  35:../main.c     **** 
  36:../main.c     **** 	lcd_on();
  37:../main.c     **** 
  38:../main.c     **** 	lcd_draw_vline( 240, 0, 150, BLACK, 4);
  39:../main.c     **** 
  40:../main.c     **** 	lcd_printf(40, 16, BLACK, "OUTBOX");
  41:../main.c     **** 
  42:../main.c     **** 	lcd_printf(210, 16, BLACK, "INBOX");*/
  43:../main.c     **** 	return 0;
 2653              		.loc 1 43 0
 2654 0018 0030A0E3 		mov	r3, #0
  44:../main.c     **** }
 2655              		.loc 1 44 0
 2656 001c 0300A0E1 		mov	r0, r3
 2657 0020 0CD04BE2 		sub	sp, fp, #12
 2658 0024 00689DE8 		ldmfd	sp, {fp, sp, lr}
 2659 0028 1EFF2FE1 		bx	lr
 2660              		.cfi_endproc
 2661              	.LFE0:
 2663              	.Letext0:
DEFINED SYMBOLS
                            *ABS*:00000000 main.c
C:\Users\Campos\AppData\Local\Temp\ccyy57MZ.s:2627   .text:00000000 $a
C:\Users\Campos\AppData\Local\Temp\ccyy57MZ.s:2630   .text:00000000 Main
                     .debug_frame:00000010 $d

UNDEFINED SYMBOLS
sys_init
init_visualizacion
dibujar_mapa
