   1              		.cpu arm7tdmi
   2              		.fpu softvfp
   3              		.eabi_attribute 20, 1
   4              		.eabi_attribute 21, 1
   5              		.eabi_attribute 23, 3
   6              		.eabi_attribute 24, 1
   7              		.eabi_attribute 25, 1
   8              		.eabi_attribute 26, 1
   9              		.eabi_attribute 30, 6
  10              		.eabi_attribute 18, 4
  11              		.file	"main.c"
  21              	.Ltext0:
  22              		.file 1 "../main.c"
 2871              		.align	2
 2872              		.global	Main
 2874              	Main:
 2875              	.LFB0:
   1:../main.c     **** /*--- ficheros de cabecera ---*/
   2:../main.c     **** #include "44blib.h"
   3:../main.c     **** #include "44b.h"
   4:../main.c     **** #include "stdio.h"
   5:../main.c     **** /*--- funciones externas ---*/
   6:../main.c     **** extern void leds_off();
   7:../main.c     **** extern void led1_on();
   8:../main.c     **** //extern void leds_switch();
   9:../main.c     **** extern void Eint4567_init(void);
  10:../main.c     **** extern void D8Led_init(void);
  11:../main.c     **** 
  12:../main.c     **** 
  13:../main.c     **** 
  14:../main.c     **** //extern void init_buttons();
  15:../main.c     **** //extern int pulsa();
  16:../main.c     **** //extern void sys_init();
  17:../main.c     **** /*--- declaracion de funciones ---*/
  18:../main.c     **** //void Main(void);
  19:../main.c     **** /*--- codigo de funciones ---*/
  20:../main.c     **** void Main(void)
  21:../main.c     **** {
 2876              		.loc 1 21 0
 2877              		.cfi_startproc
 2878              		@ Function supports interworking.
 2879              		@ args = 0, pretend = 0, frame = 0
 2880              		@ frame_needed = 1, uses_anonymous_args = 0
 2881 0000 0DC0A0E1 		mov	ip, sp
 2882              	.LCFI0:
 2883              		.cfi_def_cfa_register 12
 2884 0004 00D82DE9 		stmfd	sp!, {fp, ip, lr, pc}
 2885 0008 04B04CE2 		sub	fp, ip, #4
 2886              		.cfi_offset 14, -8
 2887              		.cfi_offset 13, -12
 2888              		.cfi_offset 11, -16
 2889              	.LCFI1:
 2890              		.cfi_def_cfa 11, 4
  22:../main.c     **** 	/* Inicializar controladores */
  23:../main.c     **** 	sys_init(); // Inicializacion de la placa, interrupciones y puertos
 2891              		.loc 1 23 0
 2892 000c FEFFFFEB 		bl	sys_init
  24:../main.c     **** 	/* Establecer valor inicial de los LEDs */
  25:../main.c     **** 	leds_off();
 2893              		.loc 1 25 0
 2894 0010 FEFFFFEB 		bl	leds_off
  26:../main.c     **** 	led1_on();
 2895              		.loc 1 26 0
 2896 0014 FEFFFFEB 		bl	led1_on
  27:../main.c     **** 	//init_buttons();
  28:../main.c     **** 	Eint4567_init();
 2897              		.loc 1 28 0
 2898 0018 FEFFFFEB 		bl	Eint4567_init
  29:../main.c     **** 	D8Led_init();
 2899              		.loc 1 29 0
 2900 001c FEFFFFEB 		bl	D8Led_init
 2901              	.L2:
  30:../main.c     **** 	while (1){
  31:../main.c     **** 
  32:../main.c     **** 
  33:../main.c     **** //		while(pulsa() == 0){
  34:../main.c     **** //			if(pulsa() != 0){
  35:../main.c     **** //				DelayMs(10);
  36:../main.c     **** //				leds_switch();
  37:../main.c     **** //				DelayMs(100);
  38:../main.c     **** //			}
  39:../main.c     **** //		}
  40:../main.c     **** 
  41:../main.c     **** 	}
 2902              		.loc 1 41 0 discriminator 1
 2903 0020 FEFFFFEA 		b	.L2
 2904              		.cfi_endproc
 2905              	.LFE0:
 2907              	.Letext0:
DEFINED SYMBOLS
                            *ABS*:00000000 main.c
C:\Users\USUARI~1\AppData\Local\Temp\ccVuNaa5.s:2871   .text:00000000 $a
C:\Users\USUARI~1\AppData\Local\Temp\ccVuNaa5.s:2874   .text:00000000 Main
                     .debug_frame:00000010 $d

UNDEFINED SYMBOLS
sys_init
leds_off
led1_on
Eint4567_init
D8Led_init
